{"name":"app","hostname":"hackuci-droplet","pid":12276,"level":50,"msg":"/ 304","time":"2017-02-18T01:08:36.629Z","src":{"file":"/root/hackuci/middleware/req-logger.js","line":9,"func":"res.on"},"v":0}
{"name":"app","hostname":"hackuci-droplet","pid":12276,"level":50,"msg":"/stylesheets/main.css 304","time":"2017-02-18T01:08:36.693Z","src":{"file":"/root/hackuci/middleware/req-logger.js","line":9,"func":"res.on"},"v":0}
{"name":"app","hostname":"hackuci-droplet","pid":12276,"level":50,"msg":"/stylesheets/editor.css 304","time":"2017-02-18T01:08:36.694Z","src":{"file":"/root/hackuci/middleware/req-logger.js","line":9,"func":"res.on"},"v":0}
{"name":"app","hostname":"hackuci-droplet","pid":12276,"level":50,"msg":"/lessons/python.js 304","time":"2017-02-18T01:08:36.700Z","src":{"file":"/root/hackuci/middleware/req-logger.js","line":9,"func":"res.on"},"v":0}
{"name":"app","hostname":"hackuci-droplet","pid":12276,"level":50,"msg":"/lessons/languages.js 304","time":"2017-02-18T01:08:36.700Z","src":{"file":"/root/hackuci/middleware/req-logger.js","line":9,"func":"res.on"},"v":0}
{"name":"app","hostname":"hackuci-droplet","pid":12276,"level":50,"msg":"/tooltips/python.js 304","time":"2017-02-18T01:08:36.701Z","src":{"file":"/root/hackuci/middleware/req-logger.js","line":9,"func":"res.on"},"v":0}
{"name":"app","hostname":"hackuci-droplet","pid":12276,"level":50,"msg":"/tooltips/java.js 304","time":"2017-02-18T01:08:36.701Z","src":{"file":"/root/hackuci/middleware/req-logger.js","line":9,"func":"res.on"},"v":0}
{"name":"app","hostname":"hackuci-droplet","pid":12276,"level":50,"msg":"/tooltips/languages.js 304","time":"2017-02-18T01:08:36.723Z","src":{"file":"/root/hackuci/middleware/req-logger.js","line":9,"func":"res.on"},"v":0}
{"name":"app","hostname":"hackuci-droplet","pid":12276,"level":50,"msg":"/scripts/LessonConfig.js 304","time":"2017-02-18T01:08:36.734Z","src":{"file":"/root/hackuci/middleware/req-logger.js","line":9,"func":"res.on"},"v":0}
{"name":"app","hostname":"hackuci-droplet","pid":12276,"level":50,"msg":"/scripts/docjs.js 304","time":"2017-02-18T01:08:36.739Z","src":{"file":"/root/hackuci/middleware/req-logger.js","line":9,"func":"res.on"},"v":0}
{"name":"app","hostname":"hackuci-droplet","pid":12276,"level":50,"msg":"/scripts/init_lesson.js 304","time":"2017-02-18T01:08:36.749Z","src":{"file":"/root/hackuci/middleware/req-logger.js","line":9,"func":"res.on"},"v":0}
{"name":"app","hostname":"hackuci-droplet","pid":12276,"level":50,"msg":"/scripts/ace_config.js 304","time":"2017-02-18T01:08:36.761Z","src":{"file":"/root/hackuci/middleware/req-logger.js","line":9,"func":"res.on"},"v":0}
{"name":"app","hostname":"hackuci-droplet","pid":12276,"level":50,"msg":"/scripts/fileManager.js 304","time":"2017-02-18T01:08:36.773Z","src":{"file":"/root/hackuci/middleware/req-logger.js","line":9,"func":"res.on"},"v":0}
{"name":"app","hostname":"hackuci-droplet","pid":12330,"level":60,"msg":"3.04","time":"2017-02-18T01:09:12.370Z","src":{"file":"/root/hackuci/middleware/req-logger.js","line":6,"func":"res.on"},"v":0}
{"name":"app","hostname":"hackuci-droplet","pid":12330,"level":50,"msg":"/ 304","time":"2017-02-18T01:09:12.372Z","src":{"file":"/root/hackuci/middleware/req-logger.js","line":10,"func":"res.on"},"v":0}
{"name":"app","hostname":"hackuci-droplet","pid":12330,"level":60,"msg":"3.04","time":"2017-02-18T01:09:12.424Z","src":{"file":"/root/hackuci/middleware/req-logger.js","line":6,"func":"res.on"},"v":0}
{"name":"app","hostname":"hackuci-droplet","pid":12330,"level":50,"msg":"/stylesheets/main.css 304","time":"2017-02-18T01:09:12.424Z","src":{"file":"/root/hackuci/middleware/req-logger.js","line":10,"func":"res.on"},"v":0}
{"name":"app","hostname":"hackuci-droplet","pid":12330,"level":60,"msg":"3.04","time":"2017-02-18T01:09:12.425Z","src":{"file":"/root/hackuci/middleware/req-logger.js","line":6,"func":"res.on"},"v":0}
{"name":"app","hostname":"hackuci-droplet","pid":12330,"level":50,"msg":"/stylesheets/editor.css 304","time":"2017-02-18T01:09:12.427Z","src":{"file":"/root/hackuci/middleware/req-logger.js","line":10,"func":"res.on"},"v":0}
{"name":"app","hostname":"hackuci-droplet","pid":12330,"level":60,"msg":"3.04","time":"2017-02-18T01:09:12.429Z","src":{"file":"/root/hackuci/middleware/req-logger.js","line":6,"func":"res.on"},"v":0}
{"name":"app","hostname":"hackuci-droplet","pid":12330,"level":50,"msg":"/lessons/python.js 304","time":"2017-02-18T01:09:12.429Z","src":{"file":"/root/hackuci/middleware/req-logger.js","line":10,"func":"res.on"},"v":0}
{"name":"app","hostname":"hackuci-droplet","pid":12330,"level":60,"msg":"3.04","time":"2017-02-18T01:09:12.430Z","src":{"file":"/root/hackuci/middleware/req-logger.js","line":6,"func":"res.on"},"v":0}
{"name":"app","hostname":"hackuci-droplet","pid":12330,"level":50,"msg":"/lessons/languages.js 304","time":"2017-02-18T01:09:12.430Z","src":{"file":"/root/hackuci/middleware/req-logger.js","line":10,"func":"res.on"},"v":0}
{"name":"app","hostname":"hackuci-droplet","pid":12330,"level":60,"msg":"3.04","time":"2017-02-18T01:09:12.430Z","src":{"file":"/root/hackuci/middleware/req-logger.js","line":6,"func":"res.on"},"v":0}
{"name":"app","hostname":"hackuci-droplet","pid":12330,"level":50,"msg":"/tooltips/python.js 304","time":"2017-02-18T01:09:12.431Z","src":{"file":"/root/hackuci/middleware/req-logger.js","line":10,"func":"res.on"},"v":0}
{"name":"app","hostname":"hackuci-droplet","pid":12330,"level":60,"msg":"3.04","time":"2017-02-18T01:09:12.432Z","src":{"file":"/root/hackuci/middleware/req-logger.js","line":6,"func":"res.on"},"v":0}
{"name":"app","hostname":"hackuci-droplet","pid":12330,"level":50,"msg":"/tooltips/java.js 304","time":"2017-02-18T01:09:12.432Z","src":{"file":"/root/hackuci/middleware/req-logger.js","line":10,"func":"res.on"},"v":0}
{"name":"app","hostname":"hackuci-droplet","pid":12330,"level":60,"msg":"3.04","time":"2017-02-18T01:09:12.446Z","src":{"file":"/root/hackuci/middleware/req-logger.js","line":6,"func":"res.on"},"v":0}
{"name":"app","hostname":"hackuci-droplet","pid":12330,"level":50,"msg":"/tooltips/languages.js 304","time":"2017-02-18T01:09:12.446Z","src":{"file":"/root/hackuci/middleware/req-logger.js","line":10,"func":"res.on"},"v":0}
{"name":"app","hostname":"hackuci-droplet","pid":12330,"level":60,"msg":"3.04","time":"2017-02-18T01:09:12.452Z","src":{"file":"/root/hackuci/middleware/req-logger.js","line":6,"func":"res.on"},"v":0}
{"name":"app","hostname":"hackuci-droplet","pid":12330,"level":50,"msg":"/scripts/LessonConfig.js 304","time":"2017-02-18T01:09:12.452Z","src":{"file":"/root/hackuci/middleware/req-logger.js","line":10,"func":"res.on"},"v":0}
{"name":"app","hostname":"hackuci-droplet","pid":12330,"level":60,"msg":"3.04","time":"2017-02-18T01:09:12.462Z","src":{"file":"/root/hackuci/middleware/req-logger.js","line":6,"func":"res.on"},"v":0}
{"name":"app","hostname":"hackuci-droplet","pid":12330,"level":50,"msg":"/scripts/docjs.js 304","time":"2017-02-18T01:09:12.462Z","src":{"file":"/root/hackuci/middleware/req-logger.js","line":10,"func":"res.on"},"v":0}
{"name":"app","hostname":"hackuci-droplet","pid":12330,"level":60,"msg":"3.04","time":"2017-02-18T01:09:12.462Z","src":{"file":"/root/hackuci/middleware/req-logger.js","line":6,"func":"res.on"},"v":0}
{"name":"app","hostname":"hackuci-droplet","pid":12330,"level":50,"msg":"/scripts/ace_config.js 304","time":"2017-02-18T01:09:12.462Z","src":{"file":"/root/hackuci/middleware/req-logger.js","line":10,"func":"res.on"},"v":0}
{"name":"app","hostname":"hackuci-droplet","pid":12330,"level":60,"msg":"3.04","time":"2017-02-18T01:09:12.464Z","src":{"file":"/root/hackuci/middleware/req-logger.js","line":6,"func":"res.on"},"v":0}
{"name":"app","hostname":"hackuci-droplet","pid":12330,"level":50,"msg":"/scripts/init_lesson.js 304","time":"2017-02-18T01:09:12.464Z","src":{"file":"/root/hackuci/middleware/req-logger.js","line":10,"func":"res.on"},"v":0}
{"name":"app","hostname":"hackuci-droplet","pid":12330,"level":60,"msg":"3.04","time":"2017-02-18T01:09:12.465Z","src":{"file":"/root/hackuci/middleware/req-logger.js","line":6,"func":"res.on"},"v":0}
{"name":"app","hostname":"hackuci-droplet","pid":12330,"level":50,"msg":"/scripts/fileManager.js 304","time":"2017-02-18T01:09:12.465Z","src":{"file":"/root/hackuci/middleware/req-logger.js","line":10,"func":"res.on"},"v":0}
{"name":"app","hostname":"hackuci-droplet","pid":12391,"level":50,"msg":"/f 404","time":"2017-02-18T01:12:38.767Z","src":{"file":"/root/hackuci/middleware/req-logger.js","line":8,"func":"res.on"},"v":0}
